<?xml version="1.0" encoding="UTF-8"?>
<!-- Generated by org.testng.reporters.JUnitReportReporter -->
<testsuite hostname="Srinivas" failures="0" tests="1" name="com.testcases.TC_Login_001" time="15.947" errors="0" timestamp="2022-03-01T16:36:58 IST" skipped="0">
  <testcase classname="com.testcases.TC_Login_001" name="loginTest" time="15.947"/>
  <system-out/>
</testsuite> <!-- com.testcases.TC_Login_001 -->
