<?xml version="1.0" encoding="UTF-8"?>
<!-- Generated by org.testng.reporters.JUnitReportReporter -->
<testsuite hostname="Srinivas" failures="0" tests="1" name="com.testcases.TC_AddEmployee_002" time="27.433" errors="0" timestamp="2022-03-01T16:36:58 IST" skipped="0">
  <testcase classname="com.testcases.TC_AddEmployee_002" name="AddEmpTest" time="27.433"/>
  <system-out/>
</testsuite> <!-- com.testcases.TC_AddEmployee_002 -->
